FXC : warning X4717: Effects deprecated for D3DCompiler_47
C:\Users\wormq\Desktop\Jusin\Dx11FrameWork\Client\Bin\ShaderFiles\Shader_VtxAnimMesh.hlsl(99,12-31): warning X3206: implicit truncation of vector type
C:\Users\wormq\Desktop\Jusin\Dx11FrameWork\Client\Bin\ShaderFiles\Shader_VtxAnimMesh.hlsl(118,12-31): warning X3206: implicit truncation of vector type
  
  compilation object save succeeded; see C:\Users\wormq\Desktop\Jusin\Dx11FrameWork\Client\Bin\Shader_VtxAnimMesh.cso
FXC : warning X4717: Effects deprecated for D3DCompiler_47
  
  compilation object save succeeded; see C:\Users\wormq\Desktop\Jusin\Dx11FrameWork\Client\Bin\Shader_VtxCube.cso
FXC : warning X4717: Effects deprecated for D3DCompiler_47
C:\Users\wormq\Desktop\Jusin\Dx11FrameWork\Client\Bin\ShaderFiles\Shader_VtxEffect.hlsl(109,36-61): warning X3571: pow(f, e) will not work for negative f, use abs(f) or conditionally handle negative values if you expect them
C:\Users\wormq\Desktop\Jusin\Dx11FrameWork\Client\Bin\ShaderFiles\Shader_VtxEffect.hlsl(140,35-60): warning X3571: pow(f, e) will not work for negative f, use abs(f) or conditionally handle negative values if you expect them
C:\Users\wormq\Desktop\Jusin\Dx11FrameWork\Client\Bin\ShaderFiles\Shader_VtxEffect.hlsl(159,36-61): warning X3571: pow(f, e) will not work for negative f, use abs(f) or conditionally handle negative values if you expect them
C:\Users\wormq\Desktop\Jusin\Dx11FrameWork\Client\Bin\ShaderFiles\Shader_VtxEffect.hlsl(159,36-61): warning X3571: pow(f, e) will not work for negative f, use abs(f) or conditionally handle negative values if you expect them
  
  compilation object save succeeded; see C:\Users\wormq\Desktop\Jusin\Dx11FrameWork\Client\Bin\Shader_VtxEffect.cso
FXC : warning X4717: Effects deprecated for D3DCompiler_47
  
  compilation object save succeeded; see C:\Users\wormq\Desktop\Jusin\Dx11FrameWork\Client\Bin\Shader_VtxMesh.cso
FXC : warning X4717: Effects deprecated for D3DCompiler_47
  
  compilation object save succeeded; see C:\Users\wormq\Desktop\Jusin\Dx11FrameWork\Client\Bin\Shader_VtxNorTex.cso
FXC : warning X4717: Effects deprecated for D3DCompiler_47
C:\Users\wormq\Desktop\Jusin\Dx11FrameWork\Client\Bin\ShaderFiles\Shader_VtxPoint.hlsl(329,12-67): warning X3206: implicit truncation of vector type
C:\Users\wormq\Desktop\Jusin\Dx11FrameWork\Client\Bin\ShaderFiles\Shader_VtxPoint.hlsl(331,11-36): warning X3206: implicit truncation of vector type
  
  compilation object save succeeded; see C:\Users\wormq\Desktop\Jusin\Dx11FrameWork\Client\Bin\Shader_VtxPoint.cso
FXC : warning X4717: Effects deprecated for D3DCompiler_47
  
  compilation object save succeeded; see C:\Users\wormq\Desktop\Jusin\Dx11FrameWork\Client\Bin\Shader_VtxPointInstance.cso
FXC : warning X4717: Effects deprecated for D3DCompiler_47
  
  compilation object save succeeded; see C:\Users\wormq\Desktop\Jusin\Dx11FrameWork\Client\Bin\Shader_VtxPosTex.cso
FXC : warning X4717: Effects deprecated for D3DCompiler_47
C:\Users\wormq\Desktop\Jusin\Dx11FrameWork\Client\Bin\ShaderFiles\Shader_VtxSuperDodgeEffect.hlsl(67,26-51): warning X3571: pow(f, e) will not work for negative f, use abs(f) or conditionally handle negative values if you expect them
  
  compilation object save succeeded; see C:\Users\wormq\Desktop\Jusin\Dx11FrameWork\Client\Bin\Shader_VtxSuperDodgeEffect.cso
  pch.cpp
  ActionCamera.cpp
  BackGround.cpp
  Boss_Pushin.cpp
C:\Users\wormq\Desktop\Jusin\Dx11FrameWork\Client\Private\Boss_Pushin.cpp(109,25): warning C4018: '<': signed 또는 unsigned가 일치하지 않습니다.
  (소스 파일 '/Private/Boss_Pushin.cpp'을(를) 컴파일하는 중)
  
  Boss_StarKnight.cpp
C:\Users\wormq\Desktop\Jusin\Dx11FrameWork\Client\Private\Boss_StarKnight.cpp(124,25): warning C4018: '<': signed 또는 unsigned가 일치하지 않습니다.
  (소스 파일 '/Private/Boss_StarKnight.cpp'을(를) 컴파일하는 중)
  
  CameraReference.cpp
  Camera_Combined.cpp
  Camera_Free.cpp
  ChosanEffect.cpp
C:\Users\wormq\Desktop\Jusin\Dx11FrameWork\Client\private\ChosanEffect.cpp(116,23): warning C4018: '<': signed 또는 unsigned가 일치하지 않습니다.
  (소스 파일 '/private/ChosanEffect.cpp'을(를) 컴파일하는 중)
  
C:\Users\wormq\Desktop\Jusin\Dx11FrameWork\Client\private\ChosanEffect.cpp(139,23): warning C4018: '<': signed 또는 unsigned가 일치하지 않습니다.
  (소스 파일 '/private/ChosanEffect.cpp'을(를) 컴파일하는 중)
  
  DefaultUI.cpp
  DistortEffect.cpp
C:\Users\wormq\Desktop\Jusin\Dx11FrameWork\Client\Private\DistortEffect.cpp(118,23): warning C4018: '<': signed 또는 unsigned가 일치하지 않습니다.
  (소스 파일 '/Private/DistortEffect.cpp'을(를) 컴파일하는 중)
  
C:\Users\wormq\Desktop\Jusin\Dx11FrameWork\Client\Private\DistortEffect.cpp(125,23): warning C4018: '<': signed 또는 unsigned가 일치하지 않습니다.
  (소스 파일 '/Private/DistortEffect.cpp'을(를) 컴파일하는 중)
  
  DistortionPointRect.cpp
C:\Users\wormq\Desktop\Jusin\Dx11FrameWork\Client\private\DistortionPointRect.cpp(78,18): warning C4552: '-': 식의 결과가 사용되지 않습니다.
  (소스 파일 '/private/DistortionPointRect.cpp'을(를) 컴파일하는 중)
  
C:\Users\wormq\Desktop\Jusin\Dx11FrameWork\Client\private\DistortionPointRect.cpp(80,18): warning C4552: '+': 식의 결과가 사용되지 않습니다.
  (소스 파일 '/private/DistortionPointRect.cpp'을(를) 컴파일하는 중)
  
C:\Users\wormq\Desktop\Jusin\Dx11FrameWork\Client\private\DistortionPointRect.cpp(83,18): warning C4552: '-': 식의 결과가 사용되지 않습니다.
  (소스 파일 '/private/DistortionPointRect.cpp'을(를) 컴파일하는 중)
  
C:\Users\wormq\Desktop\Jusin\Dx11FrameWork\Client\private\DistortionPointRect.cpp(85,18): warning C4552: '+': 식의 결과가 사용되지 않습니다.
  (소스 파일 '/private/DistortionPointRect.cpp'을(를) 컴파일하는 중)
  
  EventTrigger.cpp
  FontUI.cpp
  FX.cpp
  LaserObject.cpp
  Level_Boss.cpp
  Level_Boss2.cpp
C:\Users\wormq\Desktop\Jusin\Dx11FrameWork\Client\Private\Level_Boss2.cpp(68,59): warning C4305: '인수': 'double'에서 'float'(으)로 잘립니다.
  (소스 파일 '/Private/Level_Boss2.cpp'을(를) 컴파일하는 중)
  
C:\Users\wormq\Desktop\Jusin\Dx11FrameWork\Client\Private\Level_Boss2.cpp(73,59): warning C4305: '인수': 'double'에서 'float'(으)로 잘립니다.
  (소스 파일 '/Private/Level_Boss2.cpp'을(를) 컴파일하는 중)
  
C:\Users\wormq\Desktop\Jusin\Dx11FrameWork\Client\Private\Level_Boss2.cpp(78,59): warning C4305: '인수': 'double'에서 'float'(으)로 잘립니다.
  (소스 파일 '/Private/Level_Boss2.cpp'을(를) 컴파일하는 중)
  
C:\Users\wormq\Desktop\Jusin\Dx11FrameWork\Client\Private\Level_Boss2.cpp(83,59): warning C4305: '인수': 'double'에서 'float'(으)로 잘립니다.
  (소스 파일 '/Private/Level_Boss2.cpp'을(를) 컴파일하는 중)
  
  Level_GamePlay.cpp
  Level_Loading.cpp
  Level_Logo.cpp
  컴파일하고 있습니다...
  Loader.cpp
  MainApp.cpp
  MapObject.cpp
  MeshEffect.cpp
C:\Users\wormq\Desktop\Jusin\Dx11FrameWork\Client\Private\MeshEffect.cpp(135,24): warning C4018: '<': signed 또는 unsigned가 일치하지 않습니다.
  (소스 파일 '/Private/MeshEffect.cpp'을(를) 컴파일하는 중)
  
C:\Users\wormq\Desktop\Jusin\Dx11FrameWork\Client\Private\MeshEffect.cpp(145,24): warning C4018: '<': signed 또는 unsigned가 일치하지 않습니다.
  (소스 파일 '/Private/MeshEffect.cpp'을(를) 컴파일하는 중)
  
C:\Users\wormq\Desktop\Jusin\Dx11FrameWork\Client\Private\MeshEffect.cpp(164,24): warning C4018: '<': signed 또는 unsigned가 일치하지 않습니다.
  (소스 파일 '/Private/MeshEffect.cpp'을(를) 컴파일하는 중)
  
C:\Users\wormq\Desktop\Jusin\Dx11FrameWork\Client\Private\MeshEffect.cpp(171,24): warning C4018: '<': signed 또는 unsigned가 일치하지 않습니다.
  (소스 파일 '/Private/MeshEffect.cpp'을(를) 컴파일하는 중)
  
C:\Users\wormq\Desktop\Jusin\Dx11FrameWork\Client\Private\MeshEffect.cpp(192,23): warning C4018: '<': signed 또는 unsigned가 일치하지 않습니다.
  (소스 파일 '/Private/MeshEffect.cpp'을(를) 컴파일하는 중)
  
C:\Users\wormq\Desktop\Jusin\Dx11FrameWork\Client\Private\MeshEffect.cpp(232,23): warning C4018: '<': signed 또는 unsigned가 일치하지 않습니다.
  (소스 파일 '/Private/MeshEffect.cpp'을(를) 컴파일하는 중)
  
C:\Users\wormq\Desktop\Jusin\Dx11FrameWork\Client\Private\MeshEffect.cpp(247,23): warning C4018: '<': signed 또는 unsigned가 일치하지 않습니다.
  (소스 파일 '/Private/MeshEffect.cpp'을(를) 컴파일하는 중)
  
C:\Users\wormq\Desktop\Jusin\Dx11FrameWork\Client\Private\MeshEffect.cpp(388,21): warning C4244: '초기화 중': 'Engine::_double'에서 'Engine::_float'(으)로 변환하면서 데이터가 손실될 수 있습니다.
  (소스 파일 '/Private/MeshEffect.cpp'을(를) 컴파일하는 중)
  
C:\Users\wormq\Desktop\Jusin\Dx11FrameWork\Client\Private\MeshEffect.cpp(432,23): warning C4244: '초기화 중': 'Engine::_double'에서 'Engine::_float'(으)로 변환하면서 데이터가 손실될 수 있습니다.
  (소스 파일 '/Private/MeshEffect.cpp'을(를) 컴파일하는 중)
  
  MonsterBase.cpp
  MonsterSpawner.cpp
  MotionTrail.cpp
C:\Users\wormq\Desktop\Jusin\Dx11FrameWork\Client\private\MotionTrail.cpp(13,23): warning C4018: '<': signed 또는 unsigned가 일치하지 않습니다.
  (소스 파일 '/private/MotionTrail.cpp'을(를) 컴파일하는 중)
  
C:\Users\wormq\Desktop\Jusin\Dx11FrameWork\Client\private\MotionTrail.cpp(59,22): warning C4018: '<': signed 또는 unsigned가 일치하지 않습니다.
  (소스 파일 '/private/MotionTrail.cpp'을(를) 컴파일하는 중)
  
  MovableObject.cpp
C:\Users\wormq\Desktop\Jusin\Dx11FrameWork\Client\Private\MovableObject.cpp(136,25): warning C4018: '<': signed 또는 unsigned가 일치하지 않습니다.
  (소스 파일 '/Private/MovableObject.cpp'을(를) 컴파일하는 중)
  
C:\Users\wormq\Desktop\Jusin\Dx11FrameWork\Client\Private\MovableObject.cpp(164,25): warning C4018: '<': signed 또는 unsigned가 일치하지 않습니다.
  (소스 파일 '/Private/MovableObject.cpp'을(를) 컴파일하는 중)
  
  FXPool.cpp
  ParticleEffect.cpp
  PlayableObject.cpp
C:\Users\wormq\Desktop\Jusin\Dx11FrameWork\Client\Private\PlayableObject.cpp(97,22): warning C4018: '<': signed 또는 unsigned가 일치하지 않습니다.
  (소스 파일 '/Private/PlayableObject.cpp'을(를) 컴파일하는 중)
  
  EffectObject.cpp
  PlayableVera.cpp
C:\Users\wormq\Desktop\Jusin\Dx11FrameWork\Client\Private\PlayableVera.cpp(226,22): warning C4018: '<': signed 또는 unsigned가 일치하지 않습니다.
  (소스 파일 '/Private/PlayableVera.cpp'을(를) 컴파일하는 중)
  
C:\Users\wormq\Desktop\Jusin\Dx11FrameWork\Client\Private\PlayableVera.cpp(260,22): warning C4018: '<': signed 또는 unsigned가 일치하지 않습니다.
  (소스 파일 '/Private/PlayableVera.cpp'을(를) 컴파일하는 중)
  
C:\Users\wormq\Desktop\Jusin\Dx11FrameWork\Client\Private\PlayableVera.cpp(1135,92): warning C4244: '인수': 'float'에서 'Engine::_uint'(으)로 변환하면서 데이터가 손실될 수 있습니다.
  (소스 파일 '/Private/PlayableVera.cpp'을(를) 컴파일하는 중)
  
  RadialSliderUI.cpp
  RotationUI.cpp
  SkillBtn.cpp
  SkillBtnContainer.cpp
  SkyBox.cpp
  Slider.cpp
  SmallRobot.cpp
C:\Users\wormq\Desktop\Jusin\Dx11FrameWork\Client\Private\SmallRobot.cpp(127,22): warning C4018: '<': signed 또는 unsigned가 일치하지 않습니다.
  (소스 파일 '/Private/SmallRobot.cpp'을(를) 컴파일하는 중)
  
  컴파일하고 있습니다...
  TableSawMonster.cpp
C:\Users\wormq\Desktop\Jusin\Dx11FrameWork\Client\Private\TableSawMonster.cpp(146,22): warning C4018: '<': signed 또는 unsigned가 일치하지 않습니다.
  (소스 파일 '/Private/TableSawMonster.cpp'을(를) 컴파일하는 중)
  
  Terrain.cpp
  TextUI.cpp
  TextureFX.cpp
  ThrowObject.cpp
  TrailFX.cpp
  UltimateSkillBtn.cpp
  Weapon.cpp
  WorldUI.cpp
  Client.cpp
  코드를 생성하고 있습니다.
  Previous IPDB not found, fall back to full compilation.
  All 10035 functions were compiled because no usable IPDB/IOBJ from previous compilation was found.
  코드를 생성했습니다.
  Client.vcxproj -> C:\Users\wormq\Desktop\Jusin\Dx11FrameWork\Client\Bin\Client.exe
